				 [0;31mMissing file: [0m ../data/BTCUSDT/1m/2024/09/BTCUSDT-1m-2024-09.csv
				 [0;31mMissing file: [0m ../data/BTCUSDT/1m/2024/10/BTCUSDT-1m-2024-10.csv
				 [0;31mMissing file: [0m ../data/BTCUSDT/1m/2024/11/BTCUSDT-1m-2024-11.csv
				 [0;31mMissing file: [0m ../data/BTCUSDT/1m/2024/12/BTCUSDT-1m-2024-12.csv
				 [0;31mMissing file: [0m ../data/BTCUSDT/3m/2024/09/BTCUSDT-3m-2024-09.csv
				 [0;31mMissing file: [0m ../data/BTCUSDT/3m/2024/10/BTCUSDT-3m-2024-10.csv
				 [0;31mMissing file: [0m ../data/BTCUSDT/3m/2024/11/BTCUSDT-3m-2024-11.csv
				 [0;31mMissing file: [0m ../data/BTCUSDT/3m/2024/12/BTCUSDT-3m-2024-12.csv
				 [0;31mMissing file: [0m ../data/BTCUSDT/5m/2024/09/BTCUSDT-5m-2024-09.csv
				 [0;31mMissing file: [0m ../data/BTCUSDT/5m/2024/10/BTCUSDT-5m-2024-10.csv
				 [0;31mMissing file: [0m ../data/BTCUSDT/5m/2024/11/BTCUSDT-5m-2024-11.csv
				 [0;31mMissing file: [0m ../data/BTCUSDT/5m/2024/12/BTCUSDT-5m-2024-12.csv
				 [0;31mMissing file: [0m ../data/BTCUSDT/15m/2024/09/BTCUSDT-15m-2024-09.csv
				 [0;31mMissing file: [0m ../data/BTCUSDT/15m/2024/10/BTCUSDT-15m-2024-10.csv
				 [0;31mMissing file: [0m ../data/BTCUSDT/15m/2024/11/BTCUSDT-15m-2024-11.csv
				 [0;31mMissing file: [0m ../data/BTCUSDT/15m/2024/12/BTCUSDT-15m-2024-12.csv
				 [0;31mMissing file: [0m ../data/BTCUSDT/30m/2024/09/BTCUSDT-30m-2024-09.csv
				 [0;31mMissing file: [0m ../data/BTCUSDT/30m/2024/10/BTCUSDT-30m-2024-10.csv
				 [0;31mMissing file: [0m ../data/BTCUSDT/30m/2024/11/BTCUSDT-30m-2024-11.csv
				 [0;31mMissing file: [0m ../data/BTCUSDT/30m/2024/12/BTCUSDT-30m-2024-12.csv
				 [0;31mMissing file: [0m ../data/BTCUSDT/1h/2024/09/BTCUSDT-1h-2024-09.csv
				 [0;31mMissing file: [0m ../data/BTCUSDT/1h/2024/10/BTCUSDT-1h-2024-10.csv
				 [0;31mMissing file: [0m ../data/BTCUSDT/1h/2024/11/BTCUSDT-1h-2024-11.csv
				 [0;31mMissing file: [0m ../data/BTCUSDT/1h/2024/12/BTCUSDT-1h-2024-12.csv
				 [0;31mMissing file: [0m ../data/BTCUSDT/2h/2024/09/BTCUSDT-2h-2024-09.csv
				 [0;31mMissing file: [0m ../data/BTCUSDT/2h/2024/10/BTCUSDT-2h-2024-10.csv
				 [0;31mMissing file: [0m ../data/BTCUSDT/2h/2024/11/BTCUSDT-2h-2024-11.csv
				 [0;31mMissing file: [0m ../data/BTCUSDT/2h/2024/12/BTCUSDT-2h-2024-12.csv
				 [0;31mMissing file: [0m ../data/BTCUSDT/4h/2024/09/BTCUSDT-4h-2024-09.csv
				 [0;31mMissing file: [0m ../data/BTCUSDT/4h/2024/10/BTCUSDT-4h-2024-10.csv
				 [0;31mMissing file: [0m ../data/BTCUSDT/4h/2024/11/BTCUSDT-4h-2024-11.csv
				 [0;31mMissing file: [0m ../data/BTCUSDT/4h/2024/12/BTCUSDT-4h-2024-12.csv
				 [0;31mMissing file: [0m ../data/BTCUSDT/6h/2024/09/BTCUSDT-6h-2024-09.csv
				 [0;31mMissing file: [0m ../data/BTCUSDT/6h/2024/10/BTCUSDT-6h-2024-10.csv
				 [0;31mMissing file: [0m ../data/BTCUSDT/6h/2024/11/BTCUSDT-6h-2024-11.csv
				 [0;31mMissing file: [0m ../data/BTCUSDT/6h/2024/12/BTCUSDT-6h-2024-12.csv
				 [0;31mMissing file: [0m ../data/BTCUSDT/8h/2024/09/BTCUSDT-8h-2024-09.csv
				 [0;31mMissing file: [0m ../data/BTCUSDT/8h/2024/10/BTCUSDT-8h-2024-10.csv
				 [0;31mMissing file: [0m ../data/BTCUSDT/8h/2024/11/BTCUSDT-8h-2024-11.csv
				 [0;31mMissing file: [0m ../data/BTCUSDT/8h/2024/12/BTCUSDT-8h-2024-12.csv
				 [0;31mMissing file: [0m ../data/BTCUSDT/12h/2024/09/BTCUSDT-12h-2024-09.csv
				 [0;31mMissing file: [0m ../data/BTCUSDT/12h/2024/10/BTCUSDT-12h-2024-10.csv
				 [0;31mMissing file: [0m ../data/BTCUSDT/12h/2024/11/BTCUSDT-12h-2024-11.csv
				 [0;31mMissing file: [0m ../data/BTCUSDT/12h/2024/12/BTCUSDT-12h-2024-12.csv
				 [0;31mMissing file: [0m ../data/BTCUSDT/1d/2024/09/BTCUSDT-1d-2024-09.csv
				 [0;31mMissing file: [0m ../data/BTCUSDT/1d/2024/10/BTCUSDT-1d-2024-10.csv
				 [0;31mMissing file: [0m ../data/BTCUSDT/1d/2024/11/BTCUSDT-1d-2024-11.csv
				 [0;31mMissing file: [0m ../data/BTCUSDT/1d/2024/12/BTCUSDT-1d-2024-12.csv
				 [0;31mMissing file: [0m ../data/BTCUSDT/3d/2024/09/BTCUSDT-3d-2024-09.csv
				 [0;31mMissing file: [0m ../data/BTCUSDT/3d/2024/10/BTCUSDT-3d-2024-10.csv
				 [0;31mMissing file: [0m ../data/BTCUSDT/3d/2024/11/BTCUSDT-3d-2024-11.csv
				 [0;31mMissing file: [0m ../data/BTCUSDT/3d/2024/12/BTCUSDT-3d-2024-12.csv
				 [0;31mMissing file: [0m ../data/BTCUSDT/1w/2024/09/BTCUSDT-1w-2024-09.csv
				 [0;31mMissing file: [0m ../data/BTCUSDT/1w/2024/10/BTCUSDT-1w-2024-10.csv
				 [0;31mMissing file: [0m ../data/BTCUSDT/1w/2024/11/BTCUSDT-1w-2024-11.csv
				 [0;31mMissing file: [0m ../data/BTCUSDT/1w/2024/12/BTCUSDT-1w-2024-12.csv
				 [0;31mMissing file: [0m ../data/BTCUSDT/1mo/2024/03/BTCUSDT-1mo-2024-03.csv
				 [0;31mMissing file: [0m ../data/BTCUSDT/1mo/2024/09/BTCUSDT-1mo-2024-09.csv
				 [0;31mMissing file: [0m ../data/BTCUSDT/1mo/2024/10/BTCUSDT-1mo-2024-10.csv
				 [0;31mMissing file: [0m ../data/BTCUSDT/1mo/2024/11/BTCUSDT-1mo-2024-11.csv
				 [0;31mMissing file: [0m ../data/BTCUSDT/1mo/2024/12/BTCUSDT-1mo-2024-12.csv
